[2018-06-06 18:42:35] name.WARNING: Foo [] []
[2018-06-06 18:42:35] name.ERROR: Bar [] []
[2018-06-06 18:45:18] name.WARNING: Foo [] []
[2018-06-06 18:45:18] name.WARNING: Foo [] []
[2018-06-06 18:45:39] name.WARNING: Foo [] []
[2018-06-06 18:45:39] name.WARNING: Foo [] []
[2018-06-06 18:46:17] name.WARNING: Foo [] []
[2018-06-06 18:46:44] name.WARNING: Foo [] []
[2018-06-06 18:46:44] name.WARNING: I am the input {"name":"Foo"} []
[2018-06-06 18:46:44] name.WARNING: Foo [] []
[2018-06-06 18:46:44] name.WARNING: I am the input {"name":"Foo"} []
[2018-06-06 18:47:05] name.WARNING: Foo [] []
[2018-06-06 18:47:05] name.WARNING: I am the input {"name":"Foo"} []
[2018-06-06 18:47:05] name.WARNING: Foo [] []
[2018-06-06 18:47:05] name.WARNING: I am the input {"name":"Foo"} []
[2018-06-06 18:47:08] name.WARNING: Foo [] []
[2018-06-06 18:47:08] name.WARNING: I am the input {"name":"Foo"} []
[2018-06-06 18:47:08] name.WARNING: Foo [] []
[2018-06-06 18:47:08] name.WARNING: I am the input {"name":"Foo"} []
[2018-06-06 18:47:17] name.WARNING: Foo [] []
[2018-06-06 18:47:17] name.WARNING: I am the input {"name":"Foo"} []
[2018-06-06 18:47:17] name.WARNING: Foo [] []
[2018-06-06 18:47:17] name.WARNING: I am the input {"name":"Foo"} []
[2018-06-06 18:48:10] name.WARNING: Foo [] []
[2018-06-06 18:48:10] name.WARNING: I am the input {"name":"Foo"} []
[2018-06-06 18:48:10] name.WARNING: Foo [] []
[2018-06-06 18:48:10] name.WARNING: I am the input {"name":"Foo"} []
[2018-06-06 18:48:37] name.WARNING: Foo [] []
[2018-06-06 18:48:37] name.WARNING: I am the input {"name":"Foo"} []
[2018-06-06 18:48:37] name.WARNING: Foo [] []
[2018-06-06 18:48:37] name.WARNING: I am the input {"name":"Foo"} []
[2018-06-06 18:55:18] name.WARNING: Foo [] []
[2018-06-06 18:55:18] name.WARNING: I am the input [] []
[2018-06-06 18:55:18] name.WARNING: Foo [] []
[2018-06-06 18:55:18] name.WARNING: I am the input [] []
[2018-06-06 18:55:21] name.WARNING: Foo [] []
[2018-06-06 18:55:21] name.WARNING: I am the input [] []
[2018-06-06 18:55:21] name.WARNING: Foo [] []
[2018-06-06 18:55:21] name.WARNING: I am the input [] []
[2018-06-06 18:55:22] name.WARNING: Foo [] []
[2018-06-06 18:55:22] name.WARNING: I am the input [] []
[2018-06-06 18:55:22] name.WARNING: Foo [] []
[2018-06-06 18:55:22] name.WARNING: I am the input [] []
[2018-06-06 18:56:46] name.WARNING: Foo [] []
[2018-06-06 18:56:46] name.WARNING: I am the input {"name":"Foo"} []
[2018-06-06 18:56:46] name.WARNING: Foo [] []
[2018-06-06 18:56:46] name.WARNING: I am the input {"name":"Foo"} []
[2018-06-06 18:56:47] name.WARNING: Foo [] []
[2018-06-06 18:56:47] name.WARNING: I am the input {"name":"Foo"} []
[2018-06-06 18:56:47] name.WARNING: Foo [] []
[2018-06-06 18:56:47] name.WARNING: I am the input {"name":"Foo"} []
[2018-06-06 18:56:47] name.WARNING: Foo [] []
[2018-06-06 18:56:47] name.WARNING: I am the input {"name":"Foo"} []
[2018-06-06 18:56:47] name.WARNING: Foo [] []
[2018-06-06 18:56:47] name.WARNING: I am the input {"name":"Foo"} []
[2018-06-06 18:56:47] name.WARNING: Foo [] []
[2018-06-06 18:56:47] name.WARNING: I am the input {"name":"Foo"} []
[2018-06-06 18:56:47] name.WARNING: Foo [] []
[2018-06-06 18:56:47] name.WARNING: I am the input {"name":"Foo"} []
[2018-06-06 18:56:48] name.WARNING: Foo [] []
[2018-06-06 18:56:48] name.WARNING: I am the input {"name":"Foo"} []
[2018-06-06 18:56:48] name.WARNING: Foo [] []
[2018-06-06 18:56:48] name.WARNING: I am the input {"name":"Foo"} []
[2018-06-06 18:56:48] name.WARNING: Foo [] []
[2018-06-06 18:56:48] name.WARNING: I am the input {"name":"Foo"} []
[2018-06-06 18:56:48] name.WARNING: Foo [] []
[2018-06-06 18:56:48] name.WARNING: I am the input {"name":"Foo"} []
[2018-06-06 18:56:48] name.WARNING: Foo [] []
[2018-06-06 18:56:48] name.WARNING: I am the input {"name":"Foo"} []
[2018-06-06 18:56:48] name.WARNING: Foo [] []
[2018-06-06 18:56:48] name.WARNING: I am the input {"name":"Foo"} []
[2018-06-06 19:07:14] name.WARNING: Foo [] []
[2018-06-06 19:07:14] name.WARNING: I am the input {"name":"Foo"} []
[2018-06-06 19:07:14] name.WARNING: Foo [] []
[2018-06-06 19:07:14] name.WARNING: I am the input {"name":"Foo"} []
[2018-06-07 09:42:07] name.WARNING: Foo [] []
[2018-06-07 09:43:08] name.WARNING: Foo [] []
[2018-06-07 09:44:05] name.WARNING: Foo [] []
[2018-06-07 09:44:30] name.WARNING: Foo [] []
[2018-06-07 09:47:16] name.WARNING: Foo [] []
[2018-06-07 09:47:16] name.WARNING: I am the input {"name":"Foo"} []
[2018-06-07 09:47:42] name.WARNING: Foo [] []
[2018-06-07 09:47:42] name.WARNING: I am the input {"name":"Foo"} []
[2018-06-07 09:47:45] name.WARNING: Foo [] []
[2018-06-07 09:47:45] name.WARNING: I am the input {"name":"Foo"} []
[2018-06-07 09:47:45] name.WARNING: Foo [] []
[2018-06-07 09:47:45] name.WARNING: I am the input {"name":"Foo"} []
[2018-06-07 09:49:02] name.WARNING: Foo [] []
[2018-06-07 09:49:02] name.WARNING: I am the input {"name":"Flybeta","email":"hcf@xnw.com"} []
[2018-06-07 09:49:02] name.WARNING: Foo [] []
[2018-06-07 09:49:02] name.WARNING: I am the input {"name":"Flybeta","email":"hcf@xnw.com"} []
[2018-06-07 09:52:04] name.WARNING: Foo [] []
[2018-06-07 09:52:04] name.WARNING: I am the input {"name":"Flybeta","email":"hcf@xnw.com"} []
[2018-06-07 09:52:04] name.WARNING: Foo [] []
[2018-06-07 09:52:04] name.WARNING: I am the input {"name":"Flybeta","email":"hcf@xnw.com"} []
[2018-06-07 09:52:37] name.WARNING: Foo [] []
[2018-06-07 09:52:37] name.WARNING: I am the input {"name":"Flybeta","email":"hcf@xnw.com"} []
[2018-06-07 09:52:37] name.WARNING: Foo [] []
[2018-06-07 09:52:37] name.WARNING: I am the input {"name":"Flybeta","email":"hcf@xnw.com"} []
[2018-06-07 09:52:46] name.WARNING: Foo [] []
[2018-06-07 09:52:46] name.WARNING: I am the input {"name":"Flybeta","email":"hcf@xnw.com"} []
[2018-06-07 09:52:46] name.WARNING: Foo [] []
[2018-06-07 09:52:46] name.WARNING: I am the input {"name":"Flybeta","email":"hcf@xnw.com"} []
[2018-06-07 09:52:48] name.WARNING: Foo [] []
[2018-06-07 09:52:48] name.WARNING: I am the input {"name":"Flybeta","email":"hcf@xnw.com"} []
[2018-06-07 09:52:48] name.WARNING: Foo [] []
[2018-06-07 09:52:48] name.WARNING: I am the input {"name":"Flybeta","email":"hcf@xnw.com"} []
[2018-06-07 09:52:49] name.WARNING: Foo [] []
[2018-06-07 09:52:49] name.WARNING: I am the input {"name":"Flybeta","email":"hcf@xnw.com"} []
[2018-06-07 09:52:49] name.WARNING: Foo [] []
[2018-06-07 09:52:49] name.WARNING: I am the input {"name":"Flybeta","email":"hcf@xnw.com"} []
[2018-06-07 09:52:49] name.WARNING: Foo [] []
[2018-06-07 09:52:49] name.WARNING: I am the input {"name":"Flybeta","email":"hcf@xnw.com"} []
[2018-06-07 09:52:49] name.WARNING: Foo [] []
[2018-06-07 09:52:49] name.WARNING: I am the input {"name":"Flybeta","email":"hcf@xnw.com"} []
[2018-06-07 09:52:49] name.WARNING: Foo [] []
[2018-06-07 09:52:49] name.WARNING: I am the input {"name":"Flybeta","email":"hcf@xnw.com"} []
[2018-06-07 09:52:49] name.WARNING: Foo [] []
[2018-06-07 09:52:49] name.WARNING: I am the input {"name":"Flybeta","email":"hcf@xnw.com"} []
[2018-06-07 09:52:49] name.WARNING: Foo [] []
[2018-06-07 09:52:49] name.WARNING: I am the input {"name":"Flybeta","email":"hcf@xnw.com"} []
[2018-06-07 09:52:49] name.WARNING: Foo [] []
[2018-06-07 09:52:49] name.WARNING: I am the input {"name":"Flybeta","email":"hcf@xnw.com"} []
[2018-06-07 09:52:50] name.WARNING: Foo [] []
[2018-06-07 09:52:50] name.WARNING: I am the input {"name":"Flybeta","email":"hcf@xnw.com"} []
[2018-06-07 09:52:50] name.WARNING: Foo [] []
[2018-06-07 09:52:50] name.WARNING: I am the input {"name":"Flybeta","email":"hcf@xnw.com"} []
[2018-06-07 09:52:50] name.WARNING: Foo [] []
[2018-06-07 09:52:50] name.WARNING: I am the input {"name":"Flybeta","email":"hcf@xnw.com"} []
[2018-06-07 09:52:50] name.WARNING: Foo [] []
[2018-06-07 09:52:50] name.WARNING: I am the input {"name":"Flybeta","email":"hcf@xnw.com"} []
[2018-06-07 09:52:51] name.WARNING: Foo [] []
[2018-06-07 09:52:51] name.WARNING: I am the input {"name":"Flybeta","email":"hcf@xnw.com"} []
[2018-06-07 09:52:51] name.WARNING: Foo [] []
[2018-06-07 09:52:51] name.WARNING: I am the input {"name":"Flybeta","email":"hcf@xnw.com"} []
[2018-06-07 09:53:12] name.WARNING: Foo [] []
[2018-06-07 09:53:12] name.WARNING: I am the input {"id":"1000","name":"Flybeta","email":"hcf@xnw.com"} []
[2018-06-07 09:53:12] name.WARNING: Foo [] []
[2018-06-07 09:53:12] name.WARNING: I am the input {"id":"1000","name":"Flybeta","email":"hcf@xnw.com"} []
[2018-06-07 09:56:42] name.WARNING: Foo [] []
[2018-06-07 09:56:42] name.WARNING: I am the input {"id":"1000","name":"Flybeta","email":"hcf@xnw.com"} []
[2018-06-07 09:56:42] name.WARNING: Foo [] []
[2018-06-07 09:56:42] name.WARNING: I am the input {"id":"1000","name":"Flybeta","email":"hcf@xnw.com"} []
[2018-06-07 10:37:31] name.WARNING: Foo [] []
[2018-06-07 10:37:31] name.WARNING: I am the input [] []
[2018-06-07 10:37:31] name.WARNING: Foo [] []
[2018-06-07 10:37:31] name.WARNING: I am the input [] []
[2018-06-07 10:37:55] name.WARNING: Foo [] []
[2018-06-07 10:37:55] name.WARNING: I am the input {"<?xml_version":""1.0" encoding="utf-8"?>  n<root>  n  <data>  n    <username>admin</username>  n    <password>12345</password>  n  </data>n</root>"} []
[2018-06-07 10:37:55] name.WARNING: Foo [] []
[2018-06-07 10:37:55] name.WARNING: I am the input {"<?xml_version":""1.0" encoding="utf-8"?>  n<root>  n  <data>  n    <username>admin</username>  n    <password>12345</password>  n  </data>n</root>"} []
[2018-06-07 10:37:56] name.WARNING: Foo [] []
[2018-06-07 10:37:56] name.WARNING: I am the input {"<?xml_version":""1.0" encoding="utf-8"?>  n<root>  n  <data>  n    <username>admin</username>  n    <password>12345</password>  n  </data>n</root>"} []
[2018-06-07 10:37:56] name.WARNING: Foo [] []
[2018-06-07 10:37:56] name.WARNING: I am the input {"<?xml_version":""1.0" encoding="utf-8"?>  n<root>  n  <data>  n    <username>admin</username>  n    <password>12345</password>  n  </data>n</root>"} []
[2018-06-07 10:37:56] name.WARNING: Foo [] []
[2018-06-07 10:37:56] name.WARNING: I am the input {"<?xml_version":""1.0" encoding="utf-8"?>  n<root>  n  <data>  n    <username>admin</username>  n    <password>12345</password>  n  </data>n</root>"} []
[2018-06-07 10:37:56] name.WARNING: Foo [] []
[2018-06-07 10:37:56] name.WARNING: I am the input {"<?xml_version":""1.0" encoding="utf-8"?>  n<root>  n  <data>  n    <username>admin</username>  n    <password>12345</password>  n  </data>n</root>"} []
